<?xml version="1.0" encoding="UTF-8"?>
<!-- Generated by org.testng.reporters.JUnitReportReporter -->
<testsuite skipped="0" hostname="LAPTOP-HO5DOLHC" name="variousCocepts.LoginTest_TestNG" tests="2" failures="0" timestamp="2021-06-02T18:52:12 CDT" time="51.281" errors="0">
  <testcase name="loginTest" time="19.452" classname="variousCocepts.LoginTest_TestNG"/>
  <system-out/>
  <testcase name="addCustomerTest" time="31.829" classname="variousCocepts.LoginTest_TestNG"/>
  <system-out/>
</testsuite> <!-- variousCocepts.LoginTest_TestNG -->
